[11:42:42] [Server thread/INFO]: Starting minecraft server version 1.7.10
[11:42:46] [Server thread/INFO]: Loading properties
[11:42:46] [Server thread/INFO]: Default game type: SURVIVAL
[11:42:46] [Server thread/INFO]: Generating keypair
[11:42:47] [Server thread/INFO]: Starting Minecraft server on *:25565
[11:42:47] [Server thread/WARN]: **** SERVER IS RUNNING IN OFFLINE/INSECURE MODE!
[11:42:47] [Server thread/WARN]: The server will make no attempt to authenticate usernames. Beware.
[11:42:47] [Server thread/WARN]: While this makes the game possible to play without internet access, it also opens up the ability for hackers to connect with any username they choose.
[11:42:47] [Server thread/WARN]: To change this, set "online-mode" to "true" in the server.properties file.
[11:42:50] [Server thread/INFO]: Preparing level "world"
[11:42:51] [Server thread/WARN]: Unable to find spawn biome
[11:42:55] [Server thread/WARN]: Unable to find spawn biome
[11:42:57] [Server thread/WARN]: Unable to find spawn biome
[11:43:03] [Server thread/WARN]: Unable to find spawn biome
[11:43:05] [Server thread/WARN]: Unable to find spawn biome
[11:43:09] [Server thread/INFO]: Preparing start region for level 0
[11:43:11] [Server thread/INFO]: Preparing spawn area: 4%
[11:43:12] [Server thread/INFO]: Preparing spawn area: 26%
[11:43:13] [Server thread/INFO]: Preparing spawn area: 51%
[11:43:14] [Server thread/INFO]: Preparing spawn area: 71%
[11:43:15] [Server thread/INFO]: Preparing spawn area: 94%
[11:43:15] [Server thread/INFO]: Done (24.650s)! For help, type "help" or "?"
[11:43:51] [Server thread/INFO]: lii[/127.134.252.159:33731] logged in with entity id 2119 at (165.5, 63.0, 237.5)
[11:43:51] [Server thread/INFO]: lii joined the game
[12:02:06] [Server thread/INFO]: lii lost connection: TextComponent{text='Disconnected', siblings=[], style=Style{hasParent=false, color=null, bold=null, italic=null, underlined=null, obfuscated=null, clickEvent=null, hoverEvent=null}}
[12:02:06] [Server thread/INFO]: lii left the game
